::1 - - [20/Sep/2020:10:30:08 -0300] "GET / HTTP/1.1" 302 458 "-" "Mozilla/5.0 (X11; Linux x86_64) AppleWebKit/537.36 (KHTML, like Gecko) Chrome/85.0.4183.102 Safari/537.36"
::1 - - [20/Sep/2020:10:30:09 -0300] "GET /home HTTP/1.1" 200 717 "-" "Mozilla/5.0 (X11; Linux x86_64) AppleWebKit/537.36 (KHTML, like Gecko) Chrome/85.0.4183.102 Safari/537.36"
::1 - - [20/Sep/2020:10:30:13 -0300] "GET /nosotros HTTP/1.1" 200 614 "http://localhost/home" "Mozilla/5.0 (X11; Linux x86_64) AppleWebKit/537.36 (KHTML, like Gecko) Chrome/85.0.4183.102 Safari/537.36"
::1 - - [20/Sep/2020:10:30:13 -0300] "GET /static/images/chola.jpg HTTP/1.1" 200 38783 "http://localhost/nosotros" "Mozilla/5.0 (X11; Linux x86_64) AppleWebKit/537.36 (KHTML, like Gecko) Chrome/85.0.4183.102 Safari/537.36"
::1 - - [20/Sep/2020:10:30:14 -0300] "GET /servicios HTTP/1.1" 500 477 "http://localhost/nosotros" "Mozilla/5.0 (X11; Linux x86_64) AppleWebKit/537.36 (KHTML, like Gecko) Chrome/85.0.4183.102 Safari/537.36"
::1 - - [20/Sep/2020:10:30:21 -0300] "GET /contacto HTTP/1.1" 200 588 "http://localhost/nosotros" "Mozilla/5.0 (X11; Linux x86_64) AppleWebKit/537.36 (KHTML, like Gecko) Chrome/85.0.4183.102 Safari/537.36"
::1 - - [20/Sep/2020:10:30:23 -0300] "GET /nosotros HTTP/1.1" 200 614 "http://localhost/contacto" "Mozilla/5.0 (X11; Linux x86_64) AppleWebKit/537.36 (KHTML, like Gecko) Chrome/85.0.4183.102 Safari/537.36"
::1 - - [20/Sep/2020:10:30:24 -0300] "GET /home HTTP/1.1" 200 717 "http://localhost/nosotros" "Mozilla/5.0 (X11; Linux x86_64) AppleWebKit/537.36 (KHTML, like Gecko) Chrome/85.0.4183.102 Safari/537.36"
::1 - - [20/Sep/2020:10:30:26 -0300] "GET /contacto HTTP/1.1" 200 587 "http://localhost/home" "Mozilla/5.0 (X11; Linux x86_64) AppleWebKit/537.36 (KHTML, like Gecko) Chrome/85.0.4183.102 Safari/537.36"
::1 - - [20/Sep/2020:10:31:10 -0300] "-" 408 0 "-" "-"
::1 - - [20/Sep/2020:10:31:20 -0300] "GET /contacto HTTP/1.1" 200 588 "http://localhost/home" "Mozilla/5.0 (X11; Linux x86_64) AppleWebKit/537.36 (KHTML, like Gecko) Chrome/85.0.4183.102 Safari/537.36"
::1 - - [20/Sep/2020:10:31:21 -0300] "GET /servicios HTTP/1.1" 500 477 "http://localhost/contacto" "Mozilla/5.0 (X11; Linux x86_64) AppleWebKit/537.36 (KHTML, like Gecko) Chrome/85.0.4183.102 Safari/537.36"
::1 - - [20/Sep/2020:10:31:28 -0300] "GET /servicios HTTP/1.1" 200 3168 "http://localhost/contacto" "Mozilla/5.0 (X11; Linux x86_64) AppleWebKit/537.36 (KHTML, like Gecko) Chrome/85.0.4183.102 Safari/537.36"
::1 - - [20/Sep/2020:10:31:34 -0300] "GET /contacto HTTP/1.1" 200 588 "http://localhost/servicios" "Mozilla/5.0 (X11; Linux x86_64) AppleWebKit/537.36 (KHTML, like Gecko) Chrome/85.0.4183.102 Safari/537.36"
::1 - - [20/Sep/2020:10:31:35 -0300] "GET /nosotros HTTP/1.1" 200 614 "http://localhost/contacto" "Mozilla/5.0 (X11; Linux x86_64) AppleWebKit/537.36 (KHTML, like Gecko) Chrome/85.0.4183.102 Safari/537.36"
::1 - - [20/Sep/2020:10:31:36 -0300] "GET /home HTTP/1.1" 200 717 "http://localhost/nosotros" "Mozilla/5.0 (X11; Linux x86_64) AppleWebKit/537.36 (KHTML, like Gecko) Chrome/85.0.4183.102 Safari/537.36"
::1 - - [20/Sep/2020:10:31:38 -0300] "GET /nosotros HTTP/1.1" 200 614 "http://localhost/home" "Mozilla/5.0 (X11; Linux x86_64) AppleWebKit/537.36 (KHTML, like Gecko) Chrome/85.0.4183.102 Safari/537.36"
::1 - - [20/Sep/2020:10:31:39 -0300] "GET /home HTTP/1.1" 200 717 "http://localhost/nosotros" "Mozilla/5.0 (X11; Linux x86_64) AppleWebKit/537.36 (KHTML, like Gecko) Chrome/85.0.4183.102 Safari/537.36"
::1 - - [20/Sep/2020:10:31:40 -0300] "GET /servicios HTTP/1.1" 200 3167 "http://localhost/home" "Mozilla/5.0 (X11; Linux x86_64) AppleWebKit/537.36 (KHTML, like Gecko) Chrome/85.0.4183.102 Safari/537.36"
::1 - - [20/Sep/2020:10:32:25 -0300] "-" 408 0 "-" "-"
::1 - - [20/Sep/2020:10:32:56 -0300] "GET /servicios HTTP/1.1" 200 3168 "http://localhost/home" "Mozilla/5.0 (X11; Linux x86_64) AppleWebKit/537.36 (KHTML, like Gecko) Chrome/85.0.4183.102 Safari/537.36"
::1 - - [20/Sep/2020:10:32:56 -0300] "GET /servicios HTTP/1.1" 200 3167 "http://localhost/home" "Mozilla/5.0 (X11; Linux x86_64) AppleWebKit/537.36 (KHTML, like Gecko) Chrome/85.0.4183.102 Safari/537.36"
::1 - - [20/Sep/2020:10:32:57 -0300] "GET /servicios HTTP/1.1" 200 3167 "http://localhost/home" "Mozilla/5.0 (X11; Linux x86_64) AppleWebKit/537.36 (KHTML, like Gecko) Chrome/85.0.4183.102 Safari/537.36"
::1 - - [20/Sep/2020:10:32:58 -0300] "GET /nosotros HTTP/1.1" 200 614 "http://localhost/servicios" "Mozilla/5.0 (X11; Linux x86_64) AppleWebKit/537.36 (KHTML, like Gecko) Chrome/85.0.4183.102 Safari/537.36"
::1 - - [20/Sep/2020:10:32:58 -0300] "GET /servicios HTTP/1.1" 200 3167 "http://localhost/nosotros" "Mozilla/5.0 (X11; Linux x86_64) AppleWebKit/537.36 (KHTML, like Gecko) Chrome/85.0.4183.102 Safari/537.36"
::1 - - [20/Sep/2020:10:33:00 -0300] "GET /servicios/detalle/servicios-de-marketing-digital HTTP/1.1" 200 1480 "http://localhost/servicios" "Mozilla/5.0 (X11; Linux x86_64) AppleWebKit/537.36 (KHTML, like Gecko) Chrome/85.0.4183.102 Safari/537.36"
::1 - - [20/Sep/2020:10:33:39 -0300] "GET /home HTTP/1.1" 200 718 "http://localhost/servicios/detalle/servicios-de-marketing-digital" "Mozilla/5.0 (X11; Linux x86_64) AppleWebKit/537.36 (KHTML, like Gecko) Chrome/85.0.4183.102 Safari/537.36"
::1 - - [20/Sep/2020:10:33:46 -0300] "GET /nosotros HTTP/1.1" 200 615 "http://localhost/home" "Mozilla/5.0 (X11; Linux x86_64) AppleWebKit/537.36 (KHTML, like Gecko) Chrome/85.0.4183.102 Safari/537.36"
::1 - - [20/Sep/2020:10:33:46 -0300] "GET /servicios HTTP/1.1" 200 3167 "http://localhost/nosotros" "Mozilla/5.0 (X11; Linux x86_64) AppleWebKit/537.36 (KHTML, like Gecko) Chrome/85.0.4183.102 Safari/537.36"
::1 - - [20/Sep/2020:10:33:48 -0300] "GET /servicios/detalle/email-marketing HTTP/1.1" 200 1477 "http://localhost/servicios" "Mozilla/5.0 (X11; Linux x86_64) AppleWebKit/537.36 (KHTML, like Gecko) Chrome/85.0.4183.102 Safari/537.36"
::1 - - [20/Sep/2020:10:34:35 -0300] "GET /home HTTP/1.1" 200 718 "http://localhost/servicios/detalle/email-marketing" "Mozilla/5.0 (X11; Linux x86_64) AppleWebKit/537.36 (KHTML, like Gecko) Chrome/85.0.4183.102 Safari/537.36"
::1 - - [20/Sep/2020:10:35:26 -0300] "-" 408 0 "-" "-"
